#! /usr/bin/vvp
:ivl_version "0.9.7 " "(v0_9_7)";
:vpi_time_precision + 0;
:vpi_module "system";
:vpi_module "v2005_math";
:vpi_module "va_math";
S_0x7d5730 .scope module, "main" "main" 2 1;
 .timescale 0 0;
v0x7d5820_0 .var "aux", 0 0;
v0x8181b0_0 .var "in", 3 0;
v0x818250_0 .var "input_err", 0 0;
v0x8182f0_0 .var "somex", 3 0;
    .scope S_0x7d5730;
T_0 ;
    %cassign/v v0x818250_0, 0, 1;
    %vpi_func 2 11 "$value$plusargs", 8, 32, "in=%b", v0x8181b0_0;
    %set/v v0x7d5820_0, 8, 1;
    %vpi_call 2 13 "$display", "in's value is:";
    %vpi_call 2 14 "$display", v0x8181b0_0;
    %vpi_call 2 15 "$display", "somex's value is:";
    %vpi_call 2 16 "$display", v0x8182f0_0;
    %load/v 8, v0x8181b0_0, 4;
    %load/v 12, v0x8182f0_0, 4;
    %cmp/u 8, 12, 4;
    %jmp/0xz  T_0.0, 6;
    %cassign/v v0x818250_0, 1, 1;
T_0.0 ;
    %vpi_call 2 24 "$display", "input error is:", v0x818250_0;
    %vpi_call 2 26 "$finish";
    %end;
    .thread T_0;
# The file index is used to find the file name in the following table.
:file_names 3;
    "N/A";
    "<interactive>";
    "ej5.v";
