#! /usr/bin/vvp
:ivl_version "0.9.7 " "(v0_9_7)";
:vpi_time_precision + 0;
:vpi_module "system";
:vpi_module "v2005_math";
:vpi_module "va_math";
S_0x15ea4b0 .scope module, "main" "main" 2 35;
 .timescale 0 0;
v0x162f4e0_0 .var "a", 3 0;
v0x162f580_0 .var "b", 3 0;
RS_0x7fb156b557f8 .resolv tri, L_0x162ff80, L_0x16309f0, L_0x16315a0, L_0x1631f10;
v0x162f600_0 .net8 "cout", 3 0, RS_0x7fb156b557f8; 4 drivers
v0x162f6b0_0 .net "err", 0 0, L_0x1632460; 1 drivers
RS_0x7fb156b55858 .resolv tri, L_0x162fee0, L_0x1630820, L_0x1631340, L_0x1631ca0;
v0x162f790_0 .net8 "z", 3 0, RS_0x7fb156b55858; 4 drivers
S_0x1606540 .scope module, "BCD_sum" "full_adder_4bits" 2 43, 2 18, S_0x15ea4b0;
 .timescale 0 0;
L_0x1632460 .functor OR 1, L_0x1631e70, L_0x1632370, C4<0>, C4<0>;
v0x162eb50_0 .net *"_s40", 5 0, L_0x16320c0; 1 drivers
v0x162ebd0_0 .net *"_s43", 1 0, C4<00>; 1 drivers
v0x162ec50_0 .net *"_s44", 5 0, C4<001001>; 1 drivers
v0x162ecd0_0 .net *"_s46", 0 0, L_0x1631e70; 1 drivers
v0x162ed80_0 .net *"_s48", 5 0, L_0x1632210; 1 drivers
v0x162ee00_0 .net *"_s51", 1 0, C4<00>; 1 drivers
v0x162ee80_0 .net *"_s52", 5 0, C4<001001>; 1 drivers
v0x162ef00_0 .net *"_s54", 0 0, L_0x1632370; 1 drivers
v0x162eff0_0 .net "a", 3 0, v0x162f4e0_0; 1 drivers
v0x162f090_0 .net "b", 3 0, v0x162f580_0; 1 drivers
v0x162f190_0 .alias "cout", 3 0, v0x162f600_0;
v0x162f230_0 .alias "err", 0 0, v0x162f6b0_0;
v0x162f340_0 .net "init_cin", 0 0, C4<0>; 1 drivers
v0x162f3c0_0 .alias "z", 3 0, v0x162f790_0;
L_0x162fc60 .part v0x162f4e0_0, 0, 1;
L_0x162fdb0 .part v0x162f580_0, 0, 1;
L_0x162fee0 .part/pv L_0x162f990, 0, 1, 4;
L_0x162ff80 .part/pv L_0x162fbe0, 0, 1, 4;
L_0x1630580 .part v0x162f4e0_0, 1, 1;
L_0x16306b0 .part v0x162f580_0, 1, 1;
L_0x1630820 .part/pv L_0x16302b0, 1, 1, 4;
L_0x16308c0 .part RS_0x7fb156b557f8, 0, 1;
L_0x16309f0 .part/pv L_0x1630500, 1, 1, 4;
L_0x1630f60 .part v0x162f4e0_0, 2, 1;
L_0x1631180 .part v0x162f580_0, 2, 1;
L_0x1631340 .part/pv L_0x1630c90, 2, 1, 4;
L_0x1631470 .part RS_0x7fb156b557f8, 1, 1;
L_0x16315a0 .part/pv L_0x1630ee0, 2, 1, 4;
L_0x16319b0 .part v0x162f4e0_0, 3, 1;
L_0x1631ae0 .part v0x162f580_0, 3, 1;
L_0x1631ca0 .part/pv L_0x1631780, 3, 1, 4;
L_0x1631d40 .part RS_0x7fb156b557f8, 2, 1;
L_0x1631f10 .part/pv L_0x1631930, 3, 1, 4;
L_0x16320c0 .concat [ 4 2 0 0], v0x162f4e0_0, C4<00>;
L_0x1631e70 .cmp/gt 6, L_0x16320c0, C4<001001>;
L_0x1632210 .concat [ 4 2 0 0], v0x162f580_0, C4<00>;
L_0x1632370 .cmp/gt 6, L_0x1632210, C4<001001>;
S_0x162de40 .scope module, "FirstFullAdder" "full_adder" 2 26, 2 8, S_0x1606540;
 .timescale 0 0;
L_0x162fbe0 .functor OR 1, L_0x162f8e0, L_0x162fb60, C4<0>, C4<0>;
v0x162e5c0_0 .net "A", 0 0, L_0x162fc60; 1 drivers
v0x162e670_0 .net "AUX_OUT", 0 0, L_0x162f110; 1 drivers
v0x162e740_0 .net "B", 0 0, L_0x162fdb0; 1 drivers
v0x162e7c0_0 .alias "CIN", 0 0, v0x162f340_0;
v0x162e8a0_0 .net "COUT", 0 0, L_0x162fbe0; 1 drivers
v0x162e920_0 .net "COUT1", 0 0, L_0x162f8e0; 1 drivers
v0x162e9a0_0 .net "COUT2", 0 0, L_0x162fb60; 1 drivers
v0x162ea50_0 .net "Z", 0 0, L_0x162f990; 1 drivers
S_0x162e250 .scope module, "hf" "half_adder" 2 13, 2 1, S_0x162de40;
 .timescale 0 0;
L_0x162f110 .functor XOR 1, L_0x162fc60, L_0x162fdb0, C4<0>, C4<0>;
L_0x162f8e0 .functor AND 1, L_0x162fc60, L_0x162fdb0, C4<1>, C4<1>;
v0x162e340_0 .alias "A", 0 0, v0x162e5c0_0;
v0x162e3c0_0 .alias "B", 0 0, v0x162e740_0;
v0x162e440_0 .alias "COUT", 0 0, v0x162e920_0;
v0x162e4e0_0 .alias "Z", 0 0, v0x162e670_0;
S_0x162df30 .scope module, "hf_withcarry" "half_adder" 2 14, 2 1, S_0x162de40;
 .timescale 0 0;
L_0x162f990 .functor XOR 1, L_0x162f110, C4<0>, C4<0>, C4<0>;
L_0x162fb60 .functor AND 1, L_0x162f110, C4<0>, C4<1>, C4<1>;
v0x162e020_0 .alias "A", 0 0, v0x162e670_0;
v0x162e0a0_0 .alias "B", 0 0, v0x162f340_0;
v0x162e120_0 .alias "COUT", 0 0, v0x162e9a0_0;
v0x162e1a0_0 .alias "Z", 0 0, v0x162ea50_0;
S_0x162d130 .scope module, "SecondFullAdder" "full_adder" 2 27, 2 8, S_0x1606540;
 .timescale 0 0;
L_0x1630500 .functor OR 1, L_0x16301e0, L_0x1630430, C4<0>, C4<0>;
v0x162d8b0_0 .net "A", 0 0, L_0x1630580; 1 drivers
v0x162d960_0 .net "AUX_OUT", 0 0, L_0x16300c0; 1 drivers
v0x162da30_0 .net "B", 0 0, L_0x16306b0; 1 drivers
v0x162dab0_0 .net "CIN", 0 0, L_0x16308c0; 1 drivers
v0x162db90_0 .net "COUT", 0 0, L_0x1630500; 1 drivers
v0x162dc10_0 .net "COUT1", 0 0, L_0x16301e0; 1 drivers
v0x162dc90_0 .net "COUT2", 0 0, L_0x1630430; 1 drivers
v0x162dd40_0 .net "Z", 0 0, L_0x16302b0; 1 drivers
S_0x162d540 .scope module, "hf" "half_adder" 2 13, 2 1, S_0x162d130;
 .timescale 0 0;
L_0x16300c0 .functor XOR 1, L_0x1630580, L_0x16306b0, C4<0>, C4<0>;
L_0x16301e0 .functor AND 1, L_0x1630580, L_0x16306b0, C4<1>, C4<1>;
v0x162d630_0 .alias "A", 0 0, v0x162d8b0_0;
v0x162d6b0_0 .alias "B", 0 0, v0x162da30_0;
v0x162d730_0 .alias "COUT", 0 0, v0x162dc10_0;
v0x162d7d0_0 .alias "Z", 0 0, v0x162d960_0;
S_0x162d220 .scope module, "hf_withcarry" "half_adder" 2 14, 2 1, S_0x162d130;
 .timescale 0 0;
L_0x16302b0 .functor XOR 1, L_0x16300c0, L_0x16308c0, C4<0>, C4<0>;
L_0x1630430 .functor AND 1, L_0x16300c0, L_0x16308c0, C4<1>, C4<1>;
v0x162d310_0 .alias "A", 0 0, v0x162d960_0;
v0x162d390_0 .alias "B", 0 0, v0x162dab0_0;
v0x162d410_0 .alias "COUT", 0 0, v0x162dc90_0;
v0x162d490_0 .alias "Z", 0 0, v0x162dd40_0;
S_0x162c420 .scope module, "ThirdFullAdder" "full_adder" 2 28, 2 8, S_0x1606540;
 .timescale 0 0;
L_0x1630ee0 .functor OR 1, L_0x1630bc0, L_0x1630e10, C4<0>, C4<0>;
v0x162cba0_0 .net "A", 0 0, L_0x1630f60; 1 drivers
v0x162cc50_0 .net "AUX_OUT", 0 0, L_0x1630b20; 1 drivers
v0x162cd20_0 .net "B", 0 0, L_0x1631180; 1 drivers
v0x162cda0_0 .net "CIN", 0 0, L_0x1631470; 1 drivers
v0x162ce80_0 .net "COUT", 0 0, L_0x1630ee0; 1 drivers
v0x162cf00_0 .net "COUT1", 0 0, L_0x1630bc0; 1 drivers
v0x162cf80_0 .net "COUT2", 0 0, L_0x1630e10; 1 drivers
v0x162d030_0 .net "Z", 0 0, L_0x1630c90; 1 drivers
S_0x162c830 .scope module, "hf" "half_adder" 2 13, 2 1, S_0x162c420;
 .timescale 0 0;
L_0x1630b20 .functor XOR 1, L_0x1630f60, L_0x1631180, C4<0>, C4<0>;
L_0x1630bc0 .functor AND 1, L_0x1630f60, L_0x1631180, C4<1>, C4<1>;
v0x162c920_0 .alias "A", 0 0, v0x162cba0_0;
v0x162c9a0_0 .alias "B", 0 0, v0x162cd20_0;
v0x162ca20_0 .alias "COUT", 0 0, v0x162cf00_0;
v0x162cac0_0 .alias "Z", 0 0, v0x162cc50_0;
S_0x162c510 .scope module, "hf_withcarry" "half_adder" 2 14, 2 1, S_0x162c420;
 .timescale 0 0;
L_0x1630c90 .functor XOR 1, L_0x1630b20, L_0x1631470, C4<0>, C4<0>;
L_0x1630e10 .functor AND 1, L_0x1630b20, L_0x1631470, C4<1>, C4<1>;
v0x162c600_0 .alias "A", 0 0, v0x162cc50_0;
v0x162c680_0 .alias "B", 0 0, v0x162cda0_0;
v0x162c700_0 .alias "COUT", 0 0, v0x162cf80_0;
v0x162c780_0 .alias "Z", 0 0, v0x162d030_0;
S_0x1600f20 .scope module, "FourthFullAdder" "full_adder" 2 29, 2 8, S_0x1606540;
 .timescale 0 0;
L_0x1631930 .functor OR 1, L_0x1631700, L_0x16318b0, C4<0>, C4<0>;
v0x162be50_0 .net "A", 0 0, L_0x16319b0; 1 drivers
v0x162bf00_0 .net "AUX_OUT", 0 0, L_0x1631120; 1 drivers
v0x162bfd0_0 .net "B", 0 0, L_0x1631ae0; 1 drivers
v0x162c050_0 .net "CIN", 0 0, L_0x1631d40; 1 drivers
v0x162c130_0 .net "COUT", 0 0, L_0x1631930; 1 drivers
v0x162c1b0_0 .net "COUT1", 0 0, L_0x1631700; 1 drivers
v0x162c270_0 .net "COUT2", 0 0, L_0x16318b0; 1 drivers
v0x162c320_0 .net "Z", 0 0, L_0x1631780; 1 drivers
S_0x162ba80 .scope module, "hf" "half_adder" 2 13, 2 1, S_0x1600f20;
 .timescale 0 0;
L_0x1631120 .functor XOR 1, L_0x16319b0, L_0x1631ae0, C4<0>, C4<0>;
L_0x1631700 .functor AND 1, L_0x16319b0, L_0x1631ae0, C4<1>, C4<1>;
v0x162bb70_0 .alias "A", 0 0, v0x162be50_0;
v0x162bc30_0 .alias "B", 0 0, v0x162bfd0_0;
v0x162bcd0_0 .alias "COUT", 0 0, v0x162c1b0_0;
v0x162bd70_0 .alias "Z", 0 0, v0x162bf00_0;
S_0x1604b70 .scope module, "hf_withcarry" "half_adder" 2 14, 2 1, S_0x1600f20;
 .timescale 0 0;
L_0x1631780 .functor XOR 1, L_0x1631120, L_0x1631d40, C4<0>, C4<0>;
L_0x16318b0 .functor AND 1, L_0x1631120, L_0x1631d40, C4<1>, C4<1>;
v0x1603900_0 .alias "A", 0 0, v0x162bf00_0;
v0x162b890_0 .alias "B", 0 0, v0x162c050_0;
v0x162b930_0 .alias "COUT", 0 0, v0x162c270_0;
v0x162b9d0_0 .alias "Z", 0 0, v0x162c320_0;
    .scope S_0x15ea4b0;
T_0 ;
    %movi 8, 9, 4;
    %set/v v0x162f4e0_0, 8, 4;
    %movi 8, 7, 4;
    %set/v v0x162f580_0, 8, 4;
    %delay 1, 0;
    %vpi_call 2 54 "$display", "z= %b%b%b%b cout=%b err=%b", &PV<v0x162f790_0, 3, 1>, &PV<v0x162f790_0, 2, 1>, &PV<v0x162f790_0, 1, 1>, &PV<v0x162f790_0, 0, 1>, &PV<v0x162f600_0, 2, 1>, v0x162f6b0_0;
    %end;
    .thread T_0;
# The file index is used to find the file name in the following table.
:file_names 3;
    "N/A";
    "<interactive>";
    "full_adder.v";
