#! /usr/bin/vvp
:ivl_version "0.9.7 " "(v0_9_7)";
:vpi_time_precision + 0;
:vpi_module "system";
:vpi_module "v2005_math";
:vpi_module "va_math";
S_0xfe4d40 .scope module, "main" "main" 2 48;
 .timescale 0 0;
v0x1010de0_0 .var "a", 3 0;
v0x1010eb0_0 .var "b", 3 0;
RS_0x7f1617a03678 .resolv tri, L_0x1011ab0, L_0x1012670, L_0x1012f60, L_0x1013a80;
v0x1010f80_0 .net8 "cout", 3 0, RS_0x7f1617a03678; 4 drivers
v0x1011050_0 .var "err", 0 0;
v0x10110d0_0 .net "init_cin", 0 0, C4<0>; 1 drivers
v0x10111e0_0 .var "reader", 0 0;
RS_0x7f1617a036a8 .resolv tri, L_0x1011a10, L_0x1012380, L_0x1012d20, L_0x1013700;
v0x10112a0_0 .net8 "z", 3 0, RS_0x7f1617a036a8; 4 drivers
S_0xfe4230 .scope module, "sum" "BCDsum_4bits" 2 56, 2 31, S_0xfe4d40;
 .timescale 0 0;
v0x1010a20_0 .net "a", 3 0, v0x1010de0_0; 1 drivers
v0x1010ad0_0 .net "b", 3 0, v0x1010eb0_0; 1 drivers
v0x1010b80_0 .var "c", 3 0;
v0x1010c00_0 .alias "cin", 0 0, v0x10110d0_0;
v0x1010cb0_0 .alias "cout", 3 0, v0x1010f80_0;
v0x1010d60_0 .alias "z", 3 0, v0x10112a0_0;
S_0xfe2f20 .scope module, "sum" "full_adder_4bits" 2 39, 2 18, S_0xfe4230;
 .timescale 0 0;
v0x1010750_0 .alias "a", 3 0, v0x1010a20_0;
v0x10107d0_0 .alias "b", 3 0, v0x1010ad0_0;
v0x1010850_0 .alias "cin", 0 0, v0x10110d0_0;
v0x1010920_0 .alias "cout", 3 0, v0x1010f80_0;
v0x10109a0_0 .alias "z", 3 0, v0x10112a0_0;
L_0x1011790 .part v0x1010de0_0, 0, 1;
L_0x10118e0 .part v0x1010eb0_0, 0, 1;
L_0x1011a10 .part/pv L_0x1011510, 0, 1, 4;
L_0x1011ab0 .part/pv L_0x1011710, 0, 1, 4;
L_0x1011fc0 .part v0x1010de0_0, 1, 1;
L_0x1012180 .part v0x1010eb0_0, 1, 1;
L_0x1012380 .part/pv L_0x1011cf0, 1, 1, 4;
L_0x10124b0 .part RS_0x7f1617a03678, 0, 1;
L_0x1012670 .part/pv L_0x1011f40, 1, 1, 4;
L_0x1012a60 .part v0x1010de0_0, 2, 1;
L_0x1012bf0 .part v0x1010eb0_0, 2, 1;
L_0x1012d20 .part/pv L_0x1012830, 2, 1, 4;
L_0x1012e30 .part RS_0x7f1617a03678, 1, 1;
L_0x1012f60 .part/pv L_0x10129e0, 2, 1, 4;
L_0x1013410 .part v0x1010de0_0, 3, 1;
L_0x1013540 .part v0x1010eb0_0, 3, 1;
L_0x1013700 .part/pv L_0x1013140, 3, 1, 4;
L_0x10137a0 .part RS_0x7f1617a03678, 2, 1;
L_0x1013a80 .part/pv L_0x1013390, 3, 1, 4;
S_0x100fa40 .scope module, "FirstFullAdder" "full_adder" 2 25, 2 8, S_0xfe2f20;
 .timescale 0 0;
L_0x1011710 .functor OR 1, L_0x1011460, L_0x1011690, C4<0>, C4<0>;
v0x10101c0_0 .net "A", 0 0, L_0x1011790; 1 drivers
v0x1010270_0 .net "AUX_OUT", 0 0, L_0x1011360; 1 drivers
v0x1010340_0 .net "B", 0 0, L_0x10118e0; 1 drivers
v0x10103c0_0 .alias "CIN", 0 0, v0x10110d0_0;
v0x10104a0_0 .net "COUT", 0 0, L_0x1011710; 1 drivers
v0x1010520_0 .net "COUT1", 0 0, L_0x1011460; 1 drivers
v0x10105a0_0 .net "COUT2", 0 0, L_0x1011690; 1 drivers
v0x1010650_0 .net "Z", 0 0, L_0x1011510; 1 drivers
S_0x100fe50 .scope module, "hf" "half_adder" 2 13, 2 1, S_0x100fa40;
 .timescale 0 0;
L_0x1011360 .functor XOR 1, L_0x1011790, L_0x10118e0, C4<0>, C4<0>;
L_0x1011460 .functor AND 1, L_0x1011790, L_0x10118e0, C4<1>, C4<1>;
v0x100ff40_0 .alias "A", 0 0, v0x10101c0_0;
v0x100ffc0_0 .alias "B", 0 0, v0x1010340_0;
v0x1010040_0 .alias "COUT", 0 0, v0x1010520_0;
v0x10100e0_0 .alias "Z", 0 0, v0x1010270_0;
S_0x100fb30 .scope module, "hf_withcarry" "half_adder" 2 14, 2 1, S_0x100fa40;
 .timescale 0 0;
L_0x1011510 .functor XOR 1, L_0x1011360, C4<0>, C4<0>, C4<0>;
L_0x1011690 .functor AND 1, L_0x1011360, C4<0>, C4<1>, C4<1>;
v0x100fc20_0 .alias "A", 0 0, v0x1010270_0;
v0x100fca0_0 .alias "B", 0 0, v0x10110d0_0;
v0x100fd20_0 .alias "COUT", 0 0, v0x10105a0_0;
v0x100fda0_0 .alias "Z", 0 0, v0x1010650_0;
S_0x100ed30 .scope module, "SecondFullAdder" "full_adder" 2 26, 2 8, S_0xfe2f20;
 .timescale 0 0;
L_0x1011f40 .functor OR 1, L_0x1011c20, L_0x1011e70, C4<0>, C4<0>;
v0x100f4b0_0 .net "A", 0 0, L_0x1011fc0; 1 drivers
v0x100f560_0 .net "AUX_OUT", 0 0, L_0x1011b50; 1 drivers
v0x100f630_0 .net "B", 0 0, L_0x1012180; 1 drivers
v0x100f6b0_0 .net "CIN", 0 0, L_0x10124b0; 1 drivers
v0x100f790_0 .net "COUT", 0 0, L_0x1011f40; 1 drivers
v0x100f810_0 .net "COUT1", 0 0, L_0x1011c20; 1 drivers
v0x100f890_0 .net "COUT2", 0 0, L_0x1011e70; 1 drivers
v0x100f940_0 .net "Z", 0 0, L_0x1011cf0; 1 drivers
S_0x100f140 .scope module, "hf" "half_adder" 2 13, 2 1, S_0x100ed30;
 .timescale 0 0;
L_0x1011b50 .functor XOR 1, L_0x1011fc0, L_0x1012180, C4<0>, C4<0>;
L_0x1011c20 .functor AND 1, L_0x1011fc0, L_0x1012180, C4<1>, C4<1>;
v0x100f230_0 .alias "A", 0 0, v0x100f4b0_0;
v0x100f2b0_0 .alias "B", 0 0, v0x100f630_0;
v0x100f330_0 .alias "COUT", 0 0, v0x100f810_0;
v0x100f3d0_0 .alias "Z", 0 0, v0x100f560_0;
S_0x100ee20 .scope module, "hf_withcarry" "half_adder" 2 14, 2 1, S_0x100ed30;
 .timescale 0 0;
L_0x1011cf0 .functor XOR 1, L_0x1011b50, L_0x10124b0, C4<0>, C4<0>;
L_0x1011e70 .functor AND 1, L_0x1011b50, L_0x10124b0, C4<1>, C4<1>;
v0x100ef10_0 .alias "A", 0 0, v0x100f560_0;
v0x100ef90_0 .alias "B", 0 0, v0x100f6b0_0;
v0x100f010_0 .alias "COUT", 0 0, v0x100f890_0;
v0x100f090_0 .alias "Z", 0 0, v0x100f940_0;
S_0x100e020 .scope module, "ThirdFullAdder" "full_adder" 2 27, 2 8, S_0xfe2f20;
 .timescale 0 0;
L_0x10129e0 .functor OR 1, L_0x10127b0, L_0x1012960, C4<0>, C4<0>;
v0x100e7a0_0 .net "A", 0 0, L_0x1012a60; 1 drivers
v0x100e850_0 .net "AUX_OUT", 0 0, L_0x1012710; 1 drivers
v0x100e920_0 .net "B", 0 0, L_0x1012bf0; 1 drivers
v0x100e9a0_0 .net "CIN", 0 0, L_0x1012e30; 1 drivers
v0x100ea80_0 .net "COUT", 0 0, L_0x10129e0; 1 drivers
v0x100eb00_0 .net "COUT1", 0 0, L_0x10127b0; 1 drivers
v0x100eb80_0 .net "COUT2", 0 0, L_0x1012960; 1 drivers
v0x100ec30_0 .net "Z", 0 0, L_0x1012830; 1 drivers
S_0x100e430 .scope module, "hf" "half_adder" 2 13, 2 1, S_0x100e020;
 .timescale 0 0;
L_0x1012710 .functor XOR 1, L_0x1012a60, L_0x1012bf0, C4<0>, C4<0>;
L_0x10127b0 .functor AND 1, L_0x1012a60, L_0x1012bf0, C4<1>, C4<1>;
v0x100e520_0 .alias "A", 0 0, v0x100e7a0_0;
v0x100e5a0_0 .alias "B", 0 0, v0x100e920_0;
v0x100e620_0 .alias "COUT", 0 0, v0x100eb00_0;
v0x100e6c0_0 .alias "Z", 0 0, v0x100e850_0;
S_0x100e110 .scope module, "hf_withcarry" "half_adder" 2 14, 2 1, S_0x100e020;
 .timescale 0 0;
L_0x1012830 .functor XOR 1, L_0x1012710, L_0x1012e30, C4<0>, C4<0>;
L_0x1012960 .functor AND 1, L_0x1012710, L_0x1012e30, C4<1>, C4<1>;
v0x100e200_0 .alias "A", 0 0, v0x100e850_0;
v0x100e280_0 .alias "B", 0 0, v0x100e9a0_0;
v0x100e300_0 .alias "COUT", 0 0, v0x100eb80_0;
v0x100e380_0 .alias "Z", 0 0, v0x100ec30_0;
S_0xfe15f0 .scope module, "FourthFullAdder" "full_adder" 2 28, 2 8, S_0xfe2f20;
 .timescale 0 0;
L_0x1013390 .functor OR 1, L_0x10130c0, L_0x10132c0, C4<0>, C4<0>;
v0x100da50_0 .net "A", 0 0, L_0x1013410; 1 drivers
v0x100db00_0 .net "AUX_OUT", 0 0, L_0x1012b90; 1 drivers
v0x100dbd0_0 .net "B", 0 0, L_0x1013540; 1 drivers
v0x100dc50_0 .net "CIN", 0 0, L_0x10137a0; 1 drivers
v0x100dd30_0 .net "COUT", 0 0, L_0x1013390; 1 drivers
v0x100ddb0_0 .net "COUT1", 0 0, L_0x10130c0; 1 drivers
v0x100de70_0 .net "COUT2", 0 0, L_0x10132c0; 1 drivers
v0x100df20_0 .net "Z", 0 0, L_0x1013140; 1 drivers
S_0x100d680 .scope module, "hf" "half_adder" 2 13, 2 1, S_0xfe15f0;
 .timescale 0 0;
L_0x1012b90 .functor XOR 1, L_0x1013410, L_0x1013540, C4<0>, C4<0>;
L_0x10130c0 .functor AND 1, L_0x1013410, L_0x1013540, C4<1>, C4<1>;
v0x100d770_0 .alias "A", 0 0, v0x100da50_0;
v0x100d830_0 .alias "B", 0 0, v0x100dbd0_0;
v0x100d8d0_0 .alias "COUT", 0 0, v0x100ddb0_0;
v0x100d970_0 .alias "Z", 0 0, v0x100db00_0;
S_0xfe19d0 .scope module, "hf_withcarry" "half_adder" 2 14, 2 1, S_0xfe15f0;
 .timescale 0 0;
L_0x1013140 .functor XOR 1, L_0x1012b90, L_0x10137a0, C4<0>, C4<0>;
L_0x10132c0 .functor AND 1, L_0x1012b90, L_0x10137a0, C4<1>, C4<1>;
v0xfe4380_0 .alias "A", 0 0, v0x100db00_0;
v0x100d490_0 .alias "B", 0 0, v0x100dc50_0;
v0x100d530_0 .alias "COUT", 0 0, v0x100de70_0;
v0x100d5d0_0 .alias "Z", 0 0, v0x100df20_0;
    .scope S_0xfe4230;
T_0 ;
    %movi 8, 9, 6;
    %load/v 14, v0x1010a20_0, 4;
    %mov 18, 0, 2;
    %load/v 20, v0x1010ad0_0, 4;
    %mov 24, 0, 2;
    %add 14, 20, 6;
    %cmp/u 8, 14, 6;
    %jmp/0xz  T_0.0, 5;
    %load/v 8, v0x1010a20_0, 4;
    %mov 12, 0, 28;
    %addi 8, 6, 32;
    %cassign/v v0x1010b80_0, 8, 4;
T_0.0 ;
    %end;
    .thread T_0;
    .scope S_0xfe4d40;
T_1 ;
    %vpi_func 2 59 "$value$plusargs", 40, 32, "a=%b", v0x1010de0_0;
    %set/v v0x10111e0_0, 40, 1;
    %vpi_func 2 60 "$value$plusargs", 40, 32, "b=%b", v0x1010eb0_0;
    %set/v v0x10111e0_0, 40, 1;
    %movi 40, 9, 6;
    %load/v 46, v0x1010de0_0, 4;
    %mov 50, 0, 2;
    %cmp/u 40, 46, 6;
    %mov 40, 5, 1;
    %movi 41, 9, 6;
    %load/v 47, v0x1010eb0_0, 4;
    %mov 51, 0, 2;
    %cmp/u 41, 47, 6;
    %or 40, 5, 1;
    %cassign/v v0x1011050_0, 40, 1;
    %delay 1, 0;
    %load/v 41, v0x1011050_0, 1;
    %jmp/0xz  T_1.0, 41;
    %vpi_call 2 65 "$display", "there is an input error";
    %jmp T_1.1;
T_1.0 ;
    %vpi_call 2 68 "$display", "z= %b%b%b%b%b", &PV<v0x1010f80_0, 3, 1>, &PV<v0x10112a0_0, 3, 1>, &PV<v0x10112a0_0, 2, 1>, &PV<v0x10112a0_0, 1, 1>, &PV<v0x10112a0_0, 0, 1>;
T_1.1 ;
    %end;
    .thread T_1;
# The file index is used to find the file name in the following table.
:file_names 3;
    "N/A";
    "<interactive>";
    "full_adder.v";
